Number of samples exceeds hilbert space size! Samples set to hilbert space size
Running script rnn.py 
Check options via scripts/rnn.py --help 
General setting:
Molecule LiH 
Restart calculation: False 
Spin Orbitals 12 
Electrons (alpha beta) (2, 2) 
Multiplicity 0 
Seed 111 
Iterations 10000 
Learning rate 0.001 
Samples per step 225 
Sampling buffer factor 4 
Pretraining False 
Valid Hilbert space size 225.0 

Model parameters: 
System RNN 
Number of recurrent layers 3 
Dilation (1,2,3) 
Memory units per layer 64 
Number of Dense layers 2 
Number of Input features (Dense) 64 
Number of Output Features (Dense) 16 
Spatial orbtials per Subnetwork 2 
Number of Phase Network layers 3 
Number of Phase network features 512

Loading molecule integrals from /data/jkocklaeuner/Master/NAQS/data/LiH.hdf5
HF energy -7.7673621360
CISD energy -7.7844518529
CCSD energy -7.7844548367
FCI energy -7.7844602803
Orbital Indices:  [0 1 2 3 4 5]
Model has 336724 parameters
Output is written to LiH_111.log
Model parameters are saved to LiH_111.mpack
Starting calculation at Fri Nov 11 12:56:50 2022
Sampling time   13.78712797164917
Energy calculation time  39.86398410797119
Total time  123.3550820350647
Final energy is :  -7.777e+00+1.922e-08j ± nan [σ²=0.000e+00]
